<?xml version="1.0" encoding="UTF-8"?>
<!-- Generated by org.testng.reporters.JUnitReportReporter -->
<testsuite hostname="DESKTOP-2BR7U29" failures="0" tests="1" name="PathparameterandQueryparameter" time="3.410" errors="0" timestamp="2023-09-07T03:54:45 PDT" skipped="0">
  <testcase classname="PathparameterandQueryparameter" name="check" time="3.410"/>
  <system-out/>
</testsuite> <!-- PathparameterandQueryparameter -->
