<?xml version="1.0" encoding="UTF-8"?>
<!-- Generated by org.testng.reporters.JUnitReportReporter -->
<testsuite hostname="DESKTOP-2BR7U29" failures="0" tests="1" name="Cookiesclass" time="4.053" errors="0" timestamp="2023-09-07T03:55:36 PDT" skipped="0">
  <testcase classname="Cookiesclass" name="getCookies" time="4.053"/>
  <system-out/>
</testsuite> <!-- Cookiesclass -->
