<?xml version="1.0" encoding="UTF-8"?>
<!-- Generated by org.testng.reporters.JUnitReportReporter -->
<testsuite hostname="DESKTOP-2BR7U29" failures="0" tests="3" name="FirstTest" time="5.409" errors="0" timestamp="2023-09-06T03:51:45 PDT" skipped="0">
  <testcase classname="FirstTest" name="create" time="5.112"/>
  <system-out/>
  <testcase classname="FirstTest" name="update" time="0.126"/>
  <system-out/>
  <testcase classname="FirstTest" name="getsingleuser" time="0.171"/>
  <system-out/>
</testsuite> <!-- FirstTest -->
