<?xml version="1.0" encoding="UTF-8"?>
<!-- Generated by org.testng.reporters.JUnitReportReporter -->
<testsuite hostname="DESKTOP-2BR7U29" failures="0" tests="1" name="Authorizationclass" time="3.206" errors="0" timestamp="2023-09-08T04:22:39 PDT" skipped="0">
  <testcase classname="Authorizationclass" name="testapikey" time="3.206"/>
  <system-out/>
</testsuite> <!-- Authorizationclass -->
