<?xml version="1.0" encoding="UTF-8"?>
<!-- Generated by org.testng.reporters.JUnitReportReporter -->
<testsuite hostname="DESKTOP-2BR7U29" failures="0" tests="1" name="verifypostdat" time="5.624" errors="0" timestamp="2023-09-06T04:33:28 PDT" skipped="0">
  <testcase classname="verifypostdat" name="createbyexternaljson" time="5.624"/>
  <system-out/>
</testsuite> <!-- verifypostdat -->
